<?xml version="1.0" encoding="UTF-8"?>
<testng-results skipped="0" failed="0" ignored="0" total="1" passed="1">
  <reporter-output>
  </reporter-output>
  <suite name="Default suite" duration-ms="6756" started-at="2019-01-22T10:10:40Z" finished-at="2019-01-22T10:10:47Z">
    <groups>
    </groups>
    <test name="Default test" duration-ms="6756" started-at="2019-01-22T10:10:40Z" finished-at="2019-01-22T10:10:47Z">
      <class name="com.qa.getRequest.AuthAndAuthorization">
        <test-method status="PASS" signature="credentialValidation()[pri:0, instance:com.qa.getRequest.AuthAndAuthorization@2c767a52]" name="credentialValidation" duration-ms="6692" started-at="2019-01-22T10:10:40Z" finished-at="2019-01-22T10:10:47Z">
          <reporter-output>
          </reporter-output>
        </test-method> <!-- credentialValidation -->
      </class> <!-- com.qa.getRequest.AuthAndAuthorization -->
    </test> <!-- Default test -->
  </suite> <!-- Default suite -->
</testng-results>
